<?xml version="1.0" encoding="UTF-8"?>
<testsuites>
  <testsuite name="C:\Mgahed\projects\wamp64\www\AM\Skyloov\phpunit.xml" tests="22" assertions="58" errors="0" failures="0" skipped="0" time="1.427167">
    <testsuite name="Skyloov test suit" tests="22" assertions="58" errors="0" failures="0" skipped="0" time="1.427167">
      <testsuite name="Tests\Unit\ExampleTest" file="C:\Mgahed\projects\wamp64\www\AM\Skyloov\tests\Unit\ExampleTest.php" tests="1" assertions="1" errors="0" failures="0" skipped="0" time="0.002936">
        <testcase name="test_that_true_is_true" file="C:\Mgahed\projects\wamp64\www\AM\Skyloov\tests\Unit\ExampleTest.php" line="12" class="Tests\Unit\ExampleTest" classname="Tests.Unit.ExampleTest" assertions="1" time="0.002936"/>
      </testsuite>
      <testsuite name="Tests\Feature\ExampleTest" file="C:\Mgahed\projects\wamp64\www\AM\Skyloov\tests\Feature\ExampleTest.php" tests="1" assertions="1" errors="0" failures="0" skipped="0" time="0.210356">
        <testcase name="test_the_application_returns_a_successful_response" file="C:\Mgahed\projects\wamp64\www\AM\Skyloov\tests\Feature\ExampleTest.php" line="13" class="Tests\Feature\ExampleTest" classname="Tests.Feature.ExampleTest" assertions="1" time="0.210356"/>
      </testsuite>
      <testsuite name="Tests\Feature\Auth\RegistrationTest" file="C:\Mgahed\projects\wamp64\www\AM\Skyloov\tests\Feature\Auth\RegistrationTest.php" tests="1" assertions="3" errors="0" failures="0" skipped="0" time="0.284121">
        <testcase name="test_new_users_can_register" file="C:\Mgahed\projects\wamp64\www\AM\Skyloov\tests\Feature\Auth\RegistrationTest.php" line="12" class="Tests\Feature\Auth\RegistrationTest" classname="Tests.Feature.Auth.RegistrationTest" assertions="3" time="0.284121"/>
      </testsuite>
      <testsuite name="Tests\Feature\Auth\AuthenticationTest" file="C:\Mgahed\projects\wamp64\www\AM\Skyloov\tests\Feature\Auth\AuthenticationTest.php" tests="3" assertions="7" errors="0" failures="0" skipped="0" time="0.343550">
        <testcase name="test_users_can_not_authenticate_with_invalid_password" file="C:\Mgahed\projects\wamp64\www\AM\Skyloov\tests\Feature\Auth\AuthenticationTest.php" line="26" class="Tests\Feature\Auth\AuthenticationTest" classname="Tests.Feature.Auth.AuthenticationTest" assertions="1" time="0.270431"/>
        <testcase name="test_users_can_logout" file="C:\Mgahed\projects\wamp64\www\AM\Skyloov\tests\Feature\Auth\AuthenticationTest.php" line="38" class="Tests\Feature\Auth\AuthenticationTest" classname="Tests.Feature.Auth.AuthenticationTest" assertions="3" time="0.031568"/>
        <testcase name="test_users_can_authenticate_using_the_login_screen" file="C:\Mgahed\projects\wamp64\www\AM\Skyloov\tests\Feature\Auth\AuthenticationTest.php" line="13" class="Tests\Feature\Auth\AuthenticationTest" classname="Tests.Feature.Auth.AuthenticationTest" assertions="3" time="0.041550"/>
      </testsuite>
      <testsuite name="Tests\Feature\Auth\EmailVerificationTest" file="C:\Mgahed\projects\wamp64\www\AM\Skyloov\tests\Feature\Auth\EmailVerificationTest.php" tests="2" assertions="5" errors="0" failures="0" skipped="0" time="0.087621">
        <testcase name="test_email_is_not_verified_with_invalid_hash" file="C:\Mgahed\projects\wamp64\www\AM\Skyloov\tests\Feature\Auth\EmailVerificationTest.php" line="35" class="Tests\Feature\Auth\EmailVerificationTest" classname="Tests.Feature.Auth.EmailVerificationTest" assertions="1" time="0.050358"/>
        <testcase name="test_email_can_be_verified" file="C:\Mgahed\projects\wamp64\www\AM\Skyloov\tests\Feature\Auth\EmailVerificationTest.php" line="16" class="Tests\Feature\Auth\EmailVerificationTest" classname="Tests.Feature.Auth.EmailVerificationTest" assertions="4" time="0.037263"/>
      </testsuite>
      <testsuite name="Tests\Feature\Auth\PasswordResetTest" file="C:\Mgahed\projects\wamp64\www\AM\Skyloov\tests\Feature\Auth\PasswordResetTest.php" tests="2" assertions="4" errors="0" failures="0" skipped="0" time="0.096902">
        <testcase name="test_reset_password_link_can_be_requested" file="C:\Mgahed\projects\wamp64\www\AM\Skyloov\tests\Feature\Auth\PasswordResetTest.php" line="15" class="Tests\Feature\Auth\PasswordResetTest" classname="Tests.Feature.Auth.PasswordResetTest" assertions="1" time="0.049414"/>
        <testcase name="test_password_can_be_reset_with_valid_token" file="C:\Mgahed\projects\wamp64\www\AM\Skyloov\tests\Feature\Auth\PasswordResetTest.php" line="26" class="Tests\Feature\Auth\PasswordResetTest" classname="Tests.Feature.Auth.PasswordResetTest" assertions="3" time="0.047488"/>
      </testsuite>
      <testsuite name="Tests\Feature\TaskTest" file="C:\Mgahed\projects\wamp64\www\AM\Skyloov\tests\Feature\TaskTest.php" tests="12" assertions="37" errors="0" failures="0" skipped="0" time="0.401680">
        <testcase name="test_can_create_task" file="C:\Mgahed\projects\wamp64\www\AM\Skyloov\tests\Feature\TaskTest.php" line="31" class="Tests\Feature\TaskTest" classname="Tests.Feature.TaskTest" assertions="3" time="0.033673"/>
        <testcase name="test_can_delete_task" file="C:\Mgahed\projects\wamp64\www\AM\Skyloov\tests\Feature\TaskTest.php" line="155" class="Tests\Feature\TaskTest" classname="Tests.Feature.TaskTest" assertions="2" time="0.031272"/>
        <testcase name="test_create_task_fails_with_invalid_data" file="C:\Mgahed\projects\wamp64\www\AM\Skyloov\tests\Feature\TaskTest.php" line="49" class="Tests\Feature\TaskTest" classname="Tests.Feature.TaskTest" assertions="4" time="0.034782"/>
        <testcase name="test_can_search_tasks_by_title" file="C:\Mgahed\projects\wamp64\www\AM\Skyloov\tests\Feature\TaskTest.php" line="187" class="Tests\Feature\TaskTest" classname="Tests.Feature.TaskTest" assertions="3" time="0.036202"/>
        <testcase name="test_validation_fails_for_create_task" file="C:\Mgahed\projects\wamp64\www\AM\Skyloov\tests\Feature\TaskTest.php" line="204" class="Tests\Feature\TaskTest" classname="Tests.Feature.TaskTest" assertions="6" time="0.030988"/>
        <testcase name="test_can_filter_tasks_by_due_date" file="C:\Mgahed\projects\wamp64\www\AM\Skyloov\tests\Feature\TaskTest.php" line="92" class="Tests\Feature\TaskTest" classname="Tests.Feature.TaskTest" assertions="3" time="0.032822"/>
        <testcase name="test_can_get_all_tasks" file="C:\Mgahed\projects\wamp64\www\AM\Skyloov\tests\Feature\TaskTest.php" line="68" class="Tests\Feature\TaskTest" classname="Tests.Feature.TaskTest" assertions="3" time="0.031967"/>
        <testcase name="test_can_filter_tasks_by_status" file="C:\Mgahed\projects\wamp64\www\AM\Skyloov\tests\Feature\TaskTest.php" line="80" class="Tests\Feature\TaskTest" classname="Tests.Feature.TaskTest" assertions="3" time="0.031080"/>
        <testcase name="test_can_update_task" file="C:\Mgahed\projects\wamp64\www\AM\Skyloov\tests\Feature\TaskTest.php" line="108" class="Tests\Feature\TaskTest" classname="Tests.Feature.TaskTest" assertions="3" time="0.033039"/>
        <testcase name="test_delete_fails_with_nonexistent_task" file="C:\Mgahed\projects\wamp64\www\AM\Skyloov\tests\Feature\TaskTest.php" line="165" class="Tests\Feature\TaskTest" classname="Tests.Feature.TaskTest" assertions="2" time="0.029482"/>
        <testcase name="test_can_paginate_tasks" file="C:\Mgahed\projects\wamp64\www\AM\Skyloov\tests\Feature\TaskTest.php" line="178" class="Tests\Feature\TaskTest" classname="Tests.Feature.TaskTest" assertions="1" time="0.045154"/>
        <testcase name="test_update_task_fails_with_invalid_data" file="C:\Mgahed\projects\wamp64\www\AM\Skyloov\tests\Feature\TaskTest.php" line="130" class="Tests\Feature\TaskTest" classname="Tests.Feature.TaskTest" assertions="4" time="0.031219"/>
      </testsuite>
    </testsuite>
  </testsuite>
</testsuites>
